<?xml version="1.0" encoding="UTF-8"?>
<!-- Generated by org.testng.reporters.JUnitReportReporter -->
<testsuite skipped="0" hostname="DESKTOP-46OV0A8" name="dummyTest" tests="1" failures="0" timestamp="2021-04-08T15:20:35 COT" time="8.937" errors="0">
  <testcase name="basePageNavigation" time="8.937" classname="dummyTest"/>
  <system-out/>
</testsuite> <!-- dummyTest -->
